\BOOKMARK [1][-]{section.1}{\376\377\137\025\212\000}{}% 1
\BOOKMARK [1][-]{section.2}{\376\377\166\370\121\163\135\345\117\134}{}% 2
\BOOKMARK [2][-]{subsection.2.1}{\376\377\131\032\116\323\136\223\217\146\217\206\215\357\137\204\225\356\230\230\377\010\000M\000D\000V\000R\000P\377\011\123\312\121\166\131\015\147\102\140\047}{section.2}% 3
\BOOKMARK [2][-]{subsection.2.2}{\376\377\154\102\211\343\131\032\116\323\136\223\217\146\217\206\215\357\137\204\225\356\230\230\166\204\124\057\123\321\137\017\116\016\121\103\124\057\123\321\137\017\173\227\154\325}{section.2}% 4
\BOOKMARK [2][-]{subsection.2.3}{\376\377\117\030\123\026\225\356\230\230\116\055\166\204\124\010\117\134\123\117\124\014\217\333\123\026\173\227\154\325}{section.2}% 5
\BOOKMARK [2][-]{subsection.2.4}{\376\377\215\357\137\204\116\016\214\003\136\246\116\055\166\204\171\201\137\314\144\034\175\042}{section.2}% 6
\BOOKMARK [1][-]{section.3}{\376\377\131\032\116\323\136\223\217\146\217\206\215\357\137\204\225\356\230\230\143\317\217\360}{}% 7
\BOOKMARK [2][-]{subsection.3.1}{\376\377\121\263\173\126\123\330\221\317}{section.3}% 8
\BOOKMARK [2][-]{subsection.3.2}{\376\377\117\030\123\026\152\041\127\213}{section.3}% 9
\BOOKMARK [1][-]{section.4}{\376\377\131\032\116\323\136\223\217\146\217\206\215\357\137\204\225\356\230\230\154\102\211\343}{}% 10
\BOOKMARK [2][-]{subsection.4.1}{\376\377\157\024\123\026\173\227\154\325\377\010\000E\000A\377\011}{section.4}% 11
\BOOKMARK [3][-]{subsubsection.4.1.1}{\376\377\177\026\170\001}{subsection.4.1}% 12
\BOOKMARK [3][-]{subsubsection.4.1.2}{\376\377\220\002\136\224\136\246\121\375\145\160}{subsection.4.1}% 13
\BOOKMARK [2][-]{subsection.4.2}{\376\377\157\024\123\026\144\315\117\134\173\046}{section.4}% 14
\BOOKMARK [2][-]{subsection.4.3}{\376\377\215\052\132\152\123\117\124\014\217\333\123\026\173\227\154\325\377\010\000G\000C\000E\000A\377\011}{section.4}% 15
\BOOKMARK [2][-]{subsection.4.4}{\376\377\171\201\137\314\144\034\175\042\117\030\123\026\166\204\215\052\132\152\123\117\124\014\217\333\123\026\173\227\154\325\377\010\000T\000G\000C\000E\000A\000\051}{section.4}% 16
\BOOKMARK [3][-]{subsubsection.4.4.1}{\376\377\171\201\137\314\144\034\175\042\147\072\122\066}{subsection.4.4}% 17
\BOOKMARK [3][-]{subsubsection.4.4.2}{\376\377\171\201\137\314\144\034\175\042\116\016\215\052\132\152\117\030\123\026\166\204\176\323\124\010}{subsection.4.4}% 18
\BOOKMARK [3][-]{subsubsection.4.4.3}{\376\377\000T\000G\000C\000E\000A\121\150\134\100\117\030\123\026\166\356\150\007}{subsection.4.4}% 19
\BOOKMARK [1][-]{section.5}{\376\377\133\236\232\214\221\115\177\156}{}% 20
\BOOKMARK [2][-]{subsection.5.1}{\376\377\145\160\143\156\226\306\143\317\217\360}{section.5}% 21
\BOOKMARK [2][-]{subsection.5.2}{\376\377\133\236\232\214\163\257\130\203\116\016\213\304\116\367\143\007\150\007\213\276\177\156}{section.5}% 22
\BOOKMARK [3][-]{subsubsection.5.2.1}{\376\377\133\236\232\214\163\257\130\203}{subsection.5.2}% 23
\BOOKMARK [3][-]{subsubsection.5.2.2}{\376\377\213\304\116\367\143\007\150\007}{subsection.5.2}% 24
\BOOKMARK [1][-]{section.6}{\376\377\133\236\232\214\176\323\147\234}{}% 25
\BOOKMARK [2][-]{subsection.6.1}{\376\377\213\250\213\272}{section.6}% 26
\BOOKMARK [1][-]{section.7}{\376\377\176\323\213\272}{}% 27
\BOOKMARK [1][-]{appendix.1.A}{\376\377\173\227\154\325\213\304\117\060\126\376}{}% 28
